<?xml version="1.0" encoding="UTF-8"?>
<coverage generated="1614852307293" clover="3.2.0">
  <project timestamp="1614852307293" name="All files">
    <metrics statements="22" coveredstatements="7" conditionals="0" coveredconditionals="0" methods="11" coveredmethods="2" elements="33" coveredelements="9" complexity="0" loc="22" ncloc="22" packages="1" files="2" classes="2"/>
    <file name="requestManager.js" path="/home/angel/Development/microverse/javascript/The_extortion/src/api/requestManager.js">
      <metrics statements="18" coveredstatements="3" conditionals="0" coveredconditionals="0" methods="9" coveredmethods="1"/>
      <line num="3" count="1" type="stmt"/>
      <line num="4" count="0" type="stmt"/>
      <line num="5" count="0" type="stmt"/>
      <line num="6" count="0" type="stmt"/>
      <line num="7" count="0" type="stmt"/>
      <line num="8" count="0" type="stmt"/>
      <line num="11" count="1" type="stmt"/>
      <line num="13" count="1" type="stmt"/>
      <line num="14" count="0" type="stmt"/>
      <line num="16" count="0" type="stmt"/>
      <line num="17" count="0" type="stmt"/>
      <line num="18" count="0" type="stmt"/>
      <line num="22" count="0" type="stmt"/>
      <line num="26" count="0" type="stmt"/>
      <line num="27" count="0" type="stmt"/>
      <line num="29" count="0" type="stmt"/>
      <line num="30" count="0" type="stmt"/>
      <line num="31" count="0" type="stmt"/>
    </file>
    <file name="requests.js" path="/home/angel/Development/microverse/javascript/The_extortion/src/api/requests.js">
      <metrics statements="4" coveredstatements="4" conditionals="0" coveredconditionals="0" methods="2" coveredmethods="1"/>
      <line num="1" count="1" type="stmt"/>
      <line num="3" count="1" type="stmt"/>
      <line num="5" count="1" type="stmt"/>
      <line num="10" count="1" type="stmt"/>
    </file>
  </project>
</coverage>
