{"/home/angel/Development/microverse/javascript/The_extortion/src/api/requestManager.js": {"path":"/home/angel/Development/microverse/javascript/The_extortion/src/api/requestManager.js","statementMap":{"0":{"start":{"line":3,"column":21},"end":{"line":9,"column":1}},"1":{"start":{"line":4,"column":14},"end":{"line":4,"column":43}},"2":{"start":{"line":5,"column":18},"end":{"line":5,"column":46}},"3":{"start":{"line":6,"column":2},"end":{"line":6,"column":30}},"4":{"start":{"line":7,"column":2},"end":{"line":7,"column":27}},"5":{"start":{"line":8,"column":2},"end":{"line":8,"column":50}},"6":{"start":{"line":11,"column":17},"end":{"line":34,"column":1}},"7":{"start":{"line":13,"column":20},"end":{"line":13,"column":38}},"8":{"start":{"line":14,"column":4},"end":{"line":19,"column":6}},"9":{"start":{"line":16,"column":26},"end":{"line":16,"column":41}},"10":{"start":{"line":17,"column":28},"end":{"line":17,"column":36}},"11":{"start":{"line":18,"column":26},"end":{"line":18,"column":45}},"12":{"start":{"line":22,"column":17},"end":{"line":25,"column":5}},"13":{"start":{"line":26,"column":20},"end":{"line":26,"column":41}},"14":{"start":{"line":27,"column":4},"end":{"line":32,"column":6}},"15":{"start":{"line":29,"column":28},"end":{"line":29,"column":43}},"16":{"start":{"line":30,"column":28},"end":{"line":30,"column":36}},"17":{"start":{"line":31,"column":26},"end":{"line":31,"column":45}}},"fnMap":{"0":{"name":"(anonymous_0)","decl":{"start":{"line":3,"column":21},"end":{"line":3,"column":22}},"loc":{"start":{"line":3,"column":32},"end":{"line":9,"column":1}},"line":3},"1":{"name":"(anonymous_1)","decl":{"start":{"line":12,"column":2},"end":{"line":12,"column":3}},"loc":{"start":{"line":12,"column":14},"end":{"line":20,"column":3}},"line":12},"2":{"name":"(anonymous_2)","decl":{"start":{"line":16,"column":14},"end":{"line":16,"column":15}},"loc":{"start":{"line":16,"column":26},"end":{"line":16,"column":41}},"line":16},"3":{"name":"(anonymous_3)","decl":{"start":{"line":17,"column":14},"end":{"line":17,"column":15}},"loc":{"start":{"line":17,"column":28},"end":{"line":17,"column":36}},"line":17},"4":{"name":"(anonymous_4)","decl":{"start":{"line":18,"column":15},"end":{"line":18,"column":16}},"loc":{"start":{"line":18,"column":26},"end":{"line":18,"column":45}},"line":18},"5":{"name":"(anonymous_5)","decl":{"start":{"line":21,"column":2},"end":{"line":21,"column":3}},"loc":{"start":{"line":21,"column":20},"end":{"line":33,"column":3}},"line":21},"6":{"name":"(anonymous_6)","decl":{"start":{"line":29,"column":14},"end":{"line":29,"column":15}},"loc":{"start":{"line":29,"column":28},"end":{"line":29,"column":43}},"line":29},"7":{"name":"(anonymous_7)","decl":{"start":{"line":30,"column":14},"end":{"line":30,"column":15}},"loc":{"start":{"line":30,"column":28},"end":{"line":30,"column":36}},"line":30},"8":{"name":"(anonymous_8)","decl":{"start":{"line":31,"column":15},"end":{"line":31,"column":16}},"loc":{"start":{"line":31,"column":26},"end":{"line":31,"column":45}},"line":31}},"branchMap":{},"s":{"0":1,"1":0,"2":0,"3":0,"4":0,"5":0,"6":1,"7":1,"8":0,"9":0,"10":0,"11":0,"12":0,"13":0,"14":0,"15":0,"16":0,"17":0},"f":{"0":0,"1":1,"2":0,"3":0,"4":0,"5":0,"6":0,"7":0,"8":0},"b":{},"_coverageSchema":"1a1c01bbd47fc00a2c39e90264f33305004495a9","hash":"9f47e7466a8a5c4ec28e868955c4c3e85e518b75"}
,"/home/angel/Development/microverse/javascript/The_extortion/src/api/requests.js": {"path":"/home/angel/Development/microverse/javascript/The_extortion/src/api/requests.js","statementMap":{"0":{"start":{"line":1,"column":16},"end":{"line":1,"column":81}},"1":{"start":{"line":3,"column":16},"end":{"line":3,"column":38}},"2":{"start":{"line":5,"column":25},"end":{"line":7,"column":2}},"3":{"start":{"line":5,"column":31},"end":{"line":7,"column":2}},"4":{"start":{"line":10,"column":24},"end":{"line":17,"column":2}},"5":{"start":{"line":10,"column":34},"end":{"line":17,"column":2}}},"fnMap":{"0":{"name":"(anonymous_0)","decl":{"start":{"line":5,"column":25},"end":{"line":5,"column":26}},"loc":{"start":{"line":5,"column":31},"end":{"line":7,"column":2}},"line":5},"1":{"name":"(anonymous_1)","decl":{"start":{"line":10,"column":24},"end":{"line":10,"column":25}},"loc":{"start":{"line":10,"column":34},"end":{"line":17,"column":2}},"line":10}},"branchMap":{},"s":{"0":1,"1":1,"2":1,"3":1,"4":1,"5":0},"f":{"0":1,"1":0},"b":{},"_coverageSchema":"1a1c01bbd47fc00a2c39e90264f33305004495a9","hash":"0f5ad6aa0b078d31839e9dad5b6d917eea5ea34d"}
}
